======================================== 
===== Build started at  1:22:32.83 ===== 
======================================== 
 
[ 1:22:32.84] +++++ Compiling UI +++++  
 
[ 1:22:35.63] 0 Errors 
 
[ 1:22:35.64] ===== UI Compiled =====  
[ 1:22:35.64] +++++ Compiling Rendering Layer +++++ 
 
[ 1:22:36.40] 0 Errors 
 
[ 1:22:36.42] ===== Render Layer Compiled =====  
[ 1:22:36.43] +++++ Compiling Audio Layer +++++ 
 
[ 1:22:36.63] 0 Errors 
 
[ 1:22:36.63] ===== Audio Layer Compiled =====  
[ 1:22:36.66] +++++ Compiling Project +++++ 
 
[ 1:22:37.54] 0 Errors 
 
[ 1:22:37.55] ===== Project Compiled =====  
 
==========================================
===== Build completed at  1:22:37.56 =====
==========================================
======================================== 
===== Build started at  1:22:58.11 ===== 
======================================== 
 
[ 1:22:58.13] +++++ Compiling Project +++++ 
 
[ 1:22:58.94] 0 Errors 
 
[ 1:22:58.94] ===== Project Compiled =====  
 
==========================================
===== Build completed at  1:22:58.96 =====
==========================================
