======================================== 
===== Build started at  1:24:06.31 ===== 
======================================== 
 
[ 1:24:06.32] +++++ Compiling Project +++++ 
 
[ 1:24:07.09] 0 Errors 
 
[ 1:24:07.09] ===== Project Compiled =====  
 
==========================================
===== Build completed at  1:24:07.10 =====
==========================================
======================================== 
===== Build started at  1:24:15.23 ===== 
======================================== 
 
[ 1:24:15.25] +++++ Compiling UI +++++  
 
[ 1:24:17.93] 0 Errors 
 
[ 1:24:17.93] ===== UI Compiled =====  
[ 1:24:17.93] +++++ Compiling Rendering Layer +++++ 
 
[ 1:24:18.67] 0 Errors 
 
[ 1:24:18.68] ===== Render Layer Compiled =====  
[ 1:24:18.69] +++++ Compiling Audio Layer +++++ 
 
[ 1:24:18.88] 0 Errors 
 
[ 1:24:18.89] ===== Audio Layer Compiled =====  
[ 1:24:18.91] +++++ Compiling Project +++++ 
 
[ 1:24:19.71] 0 Errors 
 
[ 1:24:19.71] ===== Project Compiled =====  
 
==========================================
===== Build completed at  1:24:19.73 =====
==========================================
